2024-06-27T21:34:25.769Z [MyFBuddy] info: Server listening at port 3000
2024-06-28T06:07:21.377Z [MyFBuddy] info: Server listening at port 3000
2024-06-28T06:07:24.033Z [MyFBuddy] info: Token validated successfully
2024-06-28T06:07:24.247Z [MyFBuddy] info: Fetched last six months data successfully
2024-06-28T06:07:35.136Z [MyFBuddy] info: Token validated successfully
2024-06-28T06:07:35.156Z [MyFBuddy] info: Data fetched category wise successfuly
2024-06-28T06:10:08.495Z [MyFBuddy] info: Server listening at port 3000
2024-06-28T06:10:11.102Z [MyFBuddy] info: Token validated successfully
2024-06-28T06:10:11.179Z [MyFBuddy] error: data is not defined
2024-06-28T06:10:37.062Z [MyFBuddy] info: Server listening at port 3000
2024-06-28T06:10:39.165Z [MyFBuddy] info: Token validated successfully
2024-06-28T06:10:39.276Z [MyFBuddy] error: Cannot read properties of undefined (reading 'id')
2024-06-28T06:11:11.987Z [MyFBuddy] info: Server listening at port 3000
2024-06-28T06:11:13.986Z [MyFBuddy] info: Token validated successfully
2024-06-28T06:12:47.018Z [MyFBuddy] info: Server listening at port 3000
2024-06-28T06:12:49.373Z [MyFBuddy] info: Token validated successfully
2024-06-28T06:44:02.690Z [MyFBuddy] info: Server listening at port 3000
2024-06-28T06:45:11.465Z [MyFBuddy] info: Server listening at port 3000
2024-06-28T06:45:33.690Z [MyFBuddy] info: Server listening at port 3000
2024-06-28T06:45:54.831Z [MyFBuddy] info: Token validated successfully
2024-06-28T06:47:14.997Z [MyFBuddy] info: Token validated successfully
2024-06-28T06:47:55.907Z [MyFBuddy] info: Token validated successfully
2024-06-28T07:11:31.167Z [MyFBuddy] info: Server listening at port 3000
2024-06-28T07:11:45.820Z [MyFBuddy] info: Token validated successfully
2024-06-28T07:11:45.930Z [MyFBuddy] info: Total amount fetched successfuly
2024-06-28T07:12:22.301Z [MyFBuddy] info: Server listening at port 3000
2024-06-28T07:12:24.174Z [MyFBuddy] info: Token validated successfully
2024-06-28T07:12:24.257Z [MyFBuddy] info: Total amount fetched successfuly
2024-06-28T07:13:22.376Z [MyFBuddy] info: Server listening at port 3000
2024-06-28T07:13:24.520Z [MyFBuddy] info: Token validated successfully
2024-06-28T07:13:24.578Z [MyFBuddy] info: Total amount fetched successfuly
2024-06-28T07:14:22.317Z [MyFBuddy] info: Server listening at port 3000
2024-06-28T07:15:17.055Z [MyFBuddy] info: Server listening at port 3000
2024-06-28T07:15:19.383Z [MyFBuddy] info: Token validated successfully
2024-06-28T07:15:19.462Z [MyFBuddy] info: Total amount fetched successfuly
2024-06-28T07:16:11.568Z [MyFBuddy] info: Server listening at port 3000
2024-06-28T07:16:15.318Z [MyFBuddy] info: Token validated successfully
2024-06-28T07:16:15.395Z [MyFBuddy] info: Total amount fetched successfuly
2024-06-28T07:17:01.463Z [MyFBuddy] info: Server listening at port 3000
2024-06-28T07:17:04.053Z [MyFBuddy] info: Token validated successfully
2024-06-28T07:17:04.089Z [MyFBuddy] info: Total amount fetched successfuly
2024-06-28T07:17:21.226Z [MyFBuddy] info: Server listening at port 3000
2024-06-28T07:17:23.363Z [MyFBuddy] info: Token validated successfully
2024-06-28T07:17:23.623Z [MyFBuddy] info: Total amount fetched successfuly
2024-06-28T07:19:30.688Z [MyFBuddy] info: Server listening at port 3000
2024-06-28T07:19:32.844Z [MyFBuddy] info: Token validated successfully
2024-06-28T07:19:32.920Z [MyFBuddy] info: Total amount fetched successfuly
2024-06-28T07:20:00.365Z [MyFBuddy] info: Server listening at port 3000
2024-06-28T07:20:02.623Z [MyFBuddy] info: Token validated successfully
2024-06-28T07:20:02.680Z [MyFBuddy] info: Total amount fetched successfuly
2024-06-28T07:20:18.763Z [MyFBuddy] info: Server listening at port 3000
2024-06-28T07:20:27.770Z [MyFBuddy] info: Token validated successfully
2024-06-28T07:20:27.821Z [MyFBuddy] info: Total amount fetched successfuly
